Exporter version: 2.80.1, Blender version: 2.92.0
========= Conversion from Blender to Babylon.js =========
	Scene settings used :
		Inline textures     :  false
		Material Type       :  PBR
		Positions Precision :  4
		Normals Precision   :  3
		UVs Precision       :  3
		Vert Color Precision:  3
		Mat Weight Precision:  2
		Keep Z-up r-handed  :  no
		Texture directory   :  F:\Faculdade\Computação gráfica - II\AF\AF\textures\
	Python World class constructor completed
	processing begun of camera (UniversalCamera):  Camera
	processing begun of mesh:  Prato
		WARNING: No materials have been assigned: 
		num positions      :  498
		num normals        :  498
		num tangents       :  0
		num uvs            :  996
		num uvs2           :  0
		num colors         :  0
		num triangles      :  208
	processing begun of mesh:  Pino
		WARNING: No materials have been assigned: 
		num positions      :  338
		num normals        :  338
		num tangents       :  0
		num uvs            :  676
		num uvs2           :  0
		num colors         :  0
		num triangles      :  136
	processing begun of light (POINT):  Light
========= Writing of JSON file started =========
	writing mesh:  Prato
	writing mesh:  Pino
========= Writing of JSON file completed =========
========= end of processing =========
elapsed time:  0 min, 0.057 secs
