Exporter version: 2.80.1, Blender version: 2.92.0
========= Conversion from Blender to Babylon.js =========
	Scene settings used :
		Inline textures     :  false
		Material Type       :  PBR
		Positions Precision :  4
		Normals Precision   :  3
		UVs Precision       :  3
		Vert Color Precision:  3
		Mat Weight Precision:  2
		Keep Z-up r-handed  :  no
		Texture directory   :  F:\Faculdade\Computação gráfica - II\AF\AF\textures\
	Python World class constructor completed
	WARNING: The following object (type - CURVE) is not currently exportable thus ignored: BezierCircle
	processing begun of camera (UniversalCamera):  Camera
	processing begun of mesh:  Circle
		WARNING: No materials have been assigned: 
		num positions      :  0
		num normals        :  0
		num tangents       :  0
		num uvs            :  0
		num uvs2           :  0
		num colors         :  0
		num triangles      :  0
	WARNING: mesh, Circle, has 0 vertices; ignored
	processing begun of mesh:  Cube.004
		processing begun of material:  Material.004
		num positions      :  30
		num normals        :  30
		num tangents       :  0
		num uvs            :  60
		num uvs2           :  0
		num colors         :  0
		num triangles      :  12
	processing begun of mesh:  Cube.003
		processing begun of material:  Material.005
		num positions      :  30
		num normals        :  30
		num tangents       :  0
		num uvs            :  60
		num uvs2           :  0
		num colors         :  0
		num triangles      :  12
	processing begun of mesh:  Cube.001
		processing begun of material:  Material.007
		num positions      :  30
		num normals        :  30
		num tangents       :  0
		num uvs            :  60
		num uvs2           :  0
		num colors         :  0
		num triangles      :  12
	processing begun of mesh:  Cube.007
		processing begun of material:  Material.008
		num positions      :  30
		num normals        :  30
		num tangents       :  0
		num uvs            :  60
		num uvs2           :  0
		num colors         :  0
		num triangles      :  12
	processing begun of mesh:  Cylinder
		WARNING: No materials have been assigned: 
		num positions      :  642
		num normals        :  642
		num tangents       :  0
		num uvs            :  1284
		num uvs2           :  0
		num colors         :  0
		num triangles      :  256
	processing begun of mesh:  Cube.008
		processing begun of material:  Material.010
		num positions      :  30
		num normals        :  30
		num tangents       :  0
		num uvs            :  60
		num uvs2           :  0
		num colors         :  0
		num triangles      :  12
	processing begun of mesh:  Cylinder.001
		WARNING: No materials have been assigned: 
		num positions      :  642
		num normals        :  642
		num tangents       :  0
		num uvs            :  1284
		num uvs2           :  0
		num colors         :  0
		num triangles      :  256
	processing begun of mesh:  Cube.002
		processing begun of material:  Material.011
		num positions      :  30
		num normals        :  30
		num tangents       :  0
		num uvs            :  60
		num uvs2           :  0
		num colors         :  0
		num triangles      :  12
	processing begun of mesh:  Cube.005
		processing begun of material:  Material.012
		num positions      :  30
		num normals        :  30
		num tangents       :  0
		num uvs            :  60
		num uvs2           :  0
		num colors         :  0
		num triangles      :  12
	processing begun of light (POINT):  Light
========= Writing of JSON file started =========
	writing mesh:  Cube.004
	writing mesh:  Cube.003
	writing mesh:  Cube.001
	writing mesh:  Cube.007
	writing mesh:  Cylinder
	writing mesh:  Cube.008
	writing mesh:  Cylinder.001
	writing mesh:  Cube.002
	writing mesh:  Cube.005
========= Writing of JSON file completed =========
========= end of processing =========
elapsed time:  0 min, 0.073 secs
