Exporter version: 2.80.1, Blender version: 2.92.0
========= Conversion from Blender to Babylon.js =========
	Scene settings used :
		Inline textures     :  false
		Material Type       :  PBR
		Positions Precision :  4
		Normals Precision   :  3
		UVs Precision       :  3
		Vert Color Precision:  3
		Mat Weight Precision:  2
		Keep Z-up r-handed  :  no
		Texture directory   :  F:\Faculdade\Computação gráfica - II\AF\AF\textures\
	Python World class constructor completed
	WARNING: No active camera has been assigned, or is not in a currently selected Blender layer
	processing begun of mesh:  Cone.001
		processing begun of material:  Material.003
			processing texture straw_texture
				texture type:  diffuseTexture, mapped using: "UVMap"
		num positions      :  186
		num normals        :  186
		num tangents       :  0
		num uvs            :  372
		num uvs2           :  0
		num colors         :  0
		num triangles      :  62
	processing begun of mesh:  Cylinder.001
		processing begun of material:  Material.004
			processing texture Wood_0692
				texture type:  diffuseTexture, mapped using: "UVMap"
		num positions      :  309
		num normals        :  309
		num tangents       :  0
		num uvs            :  618
		num uvs2           :  0
		num colors         :  0
		num triangles      :  124
	processing begun of mesh:  Prancha.001
		processing begun of material:  Material.001
		processing begun of material:  Material
		processing begun of multimaterial:  prancha.Multimaterial#0
		num positions      :  267
		num normals        :  267
		num tangents       :  0
		num uvs            :  534
		num uvs2           :  0
		num colors         :  0
		num triangles      :  104
	processing begun of mesh:  Sphere.001
		processing begun of material:  Material.002
			processing texture sand_texture
				texture type:  diffuseTexture, mapped using: "UVMap"
		num positions      :  1410
		num normals        :  1410
		num tangents       :  0
		num uvs            :  2820
		num uvs2           :  0
		num colors         :  0
		num triangles      :  528
		WARNING: # of 0 area faces found:  6
	processing begun of mesh:  SurfTorus.001
		processing begun of material:  Material.005
		num positions      :  3454
		num normals        :  3454
		num tangents       :  0
		num uvs            :  6908
		num uvs2           :  0
		num colors         :  0
		num triangles      :  6144
========= Writing of JSON file started =========
	writing mesh:  Cone.001
	writing mesh:  Cylinder.001
	writing mesh:  Prancha.001
	writing mesh:  Sphere.001
	writing mesh:  SurfTorus.001
========= Writing of JSON file completed =========
========= end of processing =========
elapsed time:  0 min, 0.454 secs
