Exporter version: 2.80.1, Blender version: 2.92.0
========= Conversion from Blender to Babylon.js =========
	Scene settings used :
		Inline textures     :  false
		Material Type       :  PBR
		Positions Precision :  4
		Normals Precision   :  3
		UVs Precision       :  3
		Vert Color Precision:  3
		Mat Weight Precision:  2
		Keep Z-up r-handed  :  no
		Texture directory   :  F:\Faculdade\Computação gráfica - II\AF\AF\textures\
	Python World class constructor completed
	WARNING: No active camera has been assigned, or is not in a currently selected Blender layer
	processing begun of mesh:  Cylinder
		processing begun of material:  Material.002
			processing texture Concrete_1749
				texture type:  diffuseTexture, mapped using: "UVMap"
		num positions      :  642
		num normals        :  642
		num tangents       :  0
		num uvs            :  1284
		num uvs2           :  0
		num colors         :  0
		num triangles      :  256
	processing begun of mesh:  Camada2
		processing begun of material:  Material.004
			processing texture gold_texture
				texture type:  diffuseTexture, mapped using: "UVMap"
		num positions      :  44648
		num normals        :  44648
		num tangents       :  0
		num uvs            :  89296
		num uvs2           :  0
		num colors         :  0
		num triangles      :  16320
	processing begun of mesh:  Camada1
		processing begun of material:  Material.003
			processing texture metal_4453
				texture type:  diffuseTexture, mapped using: "UVMap"
		num positions      :  44648
		num normals        :  44648
		num tangents       :  0
		num uvs            :  89296
		num uvs2           :  0
		num colors         :  0
		num triangles      :  16320
	processing begun of mesh:  Camada4
		processing begun of material:  Material.004
		registered as also a user of material:  Material.004
		num positions      :  44648
		num normals        :  44648
		num tangents       :  0
		num uvs            :  89296
		num uvs2           :  0
		num colors         :  0
		num triangles      :  16320
	processing begun of mesh:  Camada3
		processing begun of material:  Material.003
		registered as also a user of material:  Material.003
		num positions      :  44648
		num normals        :  44648
		num tangents       :  0
		num uvs            :  89296
		num uvs2           :  0
		num colors         :  0
		num triangles      :  16320
	processing begun of mesh:  Cylinder.003
		processing begun of material:  Material.001
			processing texture Wood_0692
				texture type:  diffuseTexture, mapped using: "UVMap"
		num positions      :  2039
		num normals        :  2039
		num tangents       :  0
		num uvs            :  4078
		num uvs2           :  0
		num colors         :  0
		num triangles      :  1152
		WARNING: # of 0 area faces found:  640
	processing begun of mesh:  Cylinder.001
		processing begun of material:  Material
			processing texture glass_4348
				texture type:  diffuseTexture, mapped using: "UVMap"
		num positions      :  1025
		num normals        :  1025
		num tangents       :  0
		num uvs            :  2050
		num uvs2           :  0
		num colors         :  0
		num triangles      :  384
	processing begun of mesh:  DisposeTrigger2
		WARNING: No materials have been assigned: 
		num positions      :  29
		num normals        :  29
		num tangents       :  0
		num uvs            :  58
		num uvs2           :  0
		num colors         :  0
		num triangles      :  12
	processing begun of mesh:  DisposeTrigger3
		WARNING: No materials have been assigned: 
		num positions      :  29
		num normals        :  29
		num tangents       :  0
		num uvs            :  58
		num uvs2           :  0
		num colors         :  0
		num triangles      :  12
	processing begun of mesh:  DisposeTrigger4
		WARNING: No materials have been assigned: 
		num positions      :  29
		num normals        :  29
		num tangents       :  0
		num uvs            :  58
		num uvs2           :  0
		num colors         :  0
		num triangles      :  12
	processing begun of mesh:  DisposeTrigger1
		WARNING: No materials have been assigned: 
		num positions      :  29
		num normals        :  29
		num tangents       :  0
		num uvs            :  58
		num uvs2           :  0
		num colors         :  0
		num triangles      :  12
	processing begun of mesh:  DisposeTrigger5
		WARNING: No materials have been assigned: 
		num positions      :  29
		num normals        :  29
		num tangents       :  0
		num uvs            :  58
		num uvs2           :  0
		num colors         :  0
		num triangles      :  12
========= Writing of JSON file started =========
	writing mesh:  Cylinder
	writing mesh:  Camada2
	writing mesh:  Camada1
	writing mesh:  Camada4
	writing mesh:  Camada3
	writing mesh:  Cylinder.003
	writing mesh:  Cylinder.001
	writing mesh:  DisposeTrigger2
	writing mesh:  DisposeTrigger3
	writing mesh:  DisposeTrigger4
	writing mesh:  DisposeTrigger1
	writing mesh:  DisposeTrigger5
========= Writing of JSON file completed =========
========= end of processing =========
elapsed time:  0 min, 5.7852 secs
